GET / HTTP/1.1
Host: localhost:8080
Connection: keep-alive
sec-ch-ua: " Not A;Brand";v="99", "Chromium";v="90", "Google Chrome";v="90"
sec-ch-ua-mobile: ?0
Upgrade-Insecure-Requests: 1
User-Agent: Mozilla/5.0 (X11; Linux x86_64) AppleWebKit/537.36 (KHTML, like Gecko) Chrome/90.0.4430.212 Safari/537.36
Accept: text/html,application/xhtml+xml,application/xml;q=0.9,image/avif,image/webp,image/apng,*/*;q=0.8,application/signed-exchange;v=b3;q=0.9
Sec-Fetch-Site: none
Sec-Fetch-Mode: navigate
Sec-Fetch-User: ?1
Sec-Fetch-Dest: document
Accept-Encoding: gzip, deflate, br
Accept-Language: zh-TW,zh;q=0.9,en-US;q=0.8,en;q=0.7
Cookie: JSESSIONID=1BF810B8969DED282402256B9FFC5AF7
If-Modified-Since: Wed, 19 May 2021 14:47:37 GMT

GET /css/styles.css HTTP/1.1
Host: localhost:8080
Connection: keep-alive
sec-ch-ua: " Not A;Brand";v="99", "Chromium";v="90", "Google Chrome";v="90"
sec-ch-ua-mobile: ?0
User-Agent: Mozilla/5.0 (X11; Linux x86_64) AppleWebKit/537.36 (KHTML, like Gecko) Chrome/90.0.4430.212 Safari/537.36
Accept: text/css,*/*;q=0.1
Sec-Fetch-Site: same-origin
Sec-Fetch-Mode: no-cors
Sec-Fetch-Dest: style
Referer: http://localhost:8080/
Accept-Encoding: gzip, deflate, br
Accept-Language: zh-TW,zh;q=0.9,en-US;q=0.8,en;q=0.7
Cookie: JSESSIONID=1BF810B8969DED282402256B9FFC5AF7

GET /user/add HTTP/1.1
Host: localhost:8080
Connection: keep-alive
sec-ch-ua: " Not A;Brand";v="99", "Chromium";v="90", "Google Chrome";v="90"
sec-ch-ua-mobile: ?0
Upgrade-Insecure-Requests: 1
User-Agent: Mozilla/5.0 (X11; Linux x86_64) AppleWebKit/537.36 (KHTML, like Gecko) Chrome/90.0.4430.212 Safari/537.36
Accept: text/html,application/xhtml+xml,application/xml;q=0.9,image/avif,image/webp,image/apng,*/*;q=0.8,application/signed-exchange;v=b3;q=0.9
Sec-Fetch-Site: same-origin
Sec-Fetch-Mode: navigate
Sec-Fetch-User: ?1
Sec-Fetch-Dest: document
Referer: http://localhost:8080/
Accept-Encoding: gzip, deflate, br
Accept-Language: zh-TW,zh;q=0.9,en-US;q=0.8,en;q=0.7
Cookie: JSESSIONID=1BF810B8969DED282402256B9FFC5AF7

POST /user/add HTTP/1.1
Host: localhost:8080
Connection: keep-alive
Content-Length: 22
Cache-Control: max-age=0
sec-ch-ua: " Not A;Brand";v="99", "Chromium";v="90", "Google Chrome";v="90"
sec-ch-ua-mobile: ?0
Upgrade-Insecure-Requests: 1
Origin: http://localhost:8080
Content-Type: application/x-www-form-urlencoded
User-Agent: Mozilla/5.0 (X11; Linux x86_64) AppleWebKit/537.36 (KHTML, like Gecko) Chrome/90.0.4430.212 Safari/537.36
Accept: text/html,application/xhtml+xml,application/xml;q=0.9,image/avif,image/webp,image/apng,*/*;q=0.8,application/signed-exchange;v=b3;q=0.9
Sec-Fetch-Site: same-origin
Sec-Fetch-Mode: navigate
Sec-Fetch-User: ?1
Sec-Fetch-Dest: document
Referer: http://localhost:8080/
Accept-Encoding: gzip, deflate, br
Accept-Language: zh-TW,zh;q=0.9,en-US;q=0.8,en;q=0.7
Cookie: JSESSIONID=1BF810B8969DED282402256B9FFC5AF7

